2025-07-07 11:18:19 | INFO     | utils.logger:setup_logger:30 - Logger configured successfully
2025-07-07 11:19:33 | INFO     | utils.logger:setup_logger:30 - Logger configured successfully
2025-07-07 11:19:34 | INFO     | utils.logger:setup_logger:30 - Logger configured successfully
2025-07-07 11:19:34 | INFO     | utils.config:validate:69 - Enabled exchanges: deribit
2025-07-07 11:19:34 | INFO     | utils.config:validate:71 - Configuration validated successfully
2025-07-07 11:19:34 | INFO     | __main__:start:41 - Starting Spot Exposure Hedging Bot...
2025-07-07 11:19:35 | INFO     | bot.telegram_bot:run:523 - Starting Hedging Bot...
2025-07-07 11:19:39 | ERROR    | __main__:start:53 - Error starting application: Cannot close a running event loop
2025-07-07 11:19:39 | INFO     | __main__:stop:59 - Stopping Hedging Bot...
2025-07-07 11:19:39 | INFO     | bot.telegram_bot:stop:530 - Stopping Hedging Bot...
2025-07-07 11:19:39 | INFO     | __main__:stop:65 - Hedging Bot stopped successfully
2025-07-07 11:22:55 | INFO     | utils.logger:setup_logger:30 - Logger configured successfully
2025-07-07 11:22:56 | INFO     | utils.logger:setup_logger:30 - Logger configured successfully
2025-07-07 11:22:56 | INFO     | utils.config:validate:69 - Enabled exchanges: deribit
2025-07-07 11:22:56 | INFO     | utils.config:validate:71 - Configuration validated successfully
2025-07-07 11:22:56 | INFO     | __main__:start:41 - Starting Spot Exposure Hedging Bot...
2025-07-07 11:22:56 | INFO     | bot.telegram_bot:run:523 - Starting Hedging Bot...
2025-07-07 11:23:27 | ERROR    | bot.telegram_bot:monitor_risk_command:194 - Error in monitor_risk_command: object of type 'NoneType' has no len()
2025-07-07 11:23:27 | ERROR    | bot.telegram_bot:button_callback:471 - Error in button_callback: 'NoneType' object has no attribute 'reply_text'
2025-07-07 11:23:48 | INFO     | __main__:signal_handler:30 - Received signal 2, shutting down...
2025-07-07 11:24:23 | INFO     | __main__:signal_handler:30 - Received signal 2, shutting down...
2025-07-07 11:29:02 | INFO     | __main__:signal_handler:30 - Received signal 2, shutting down...
2025-07-07 11:29:20 | INFO     | utils.logger:setup_logger:30 - Logger configured successfully
2025-07-07 11:29:21 | INFO     | utils.logger:setup_logger:30 - Logger configured successfully
2025-07-07 11:29:21 | INFO     | utils.config:validate:69 - Enabled exchanges: deribit
2025-07-07 11:29:21 | INFO     | utils.config:validate:71 - Configuration validated successfully
2025-07-07 11:29:21 | INFO     | __main__:start:41 - Starting Spot Exposure Hedging Bot...
2025-07-07 11:29:22 | INFO     | bot.telegram_bot:run:546 - Starting Hedging Bot...
2025-07-07 11:29:55 | ERROR    | bot.telegram_bot:risk_analytics_command:431 - Error in risk_analytics_command: 'NoneType' object has no attribute 'reply_text'
2025-07-07 11:29:55 | ERROR    | bot.telegram_bot:button_callback:487 - Error in button_callback: 'NoneType' object has no attribute 'reply_text'
2025-07-07 11:36:44 | INFO     | __main__:signal_handler:30 - Received signal 2, shutting down...
2025-07-07 11:37:05 | INFO     | utils.logger:setup_logger:30 - Logger configured successfully
2025-07-07 11:37:06 | INFO     | utils.logger:setup_logger:30 - Logger configured successfully
2025-07-07 11:37:06 | INFO     | utils.config:validate:69 - Enabled exchanges: deribit
2025-07-07 11:37:06 | INFO     | utils.config:validate:71 - Configuration validated successfully
2025-07-07 11:37:06 | INFO     | __main__:start:41 - Starting Spot Exposure Hedging Bot...
2025-07-07 11:37:06 | INFO     | bot.telegram_bot:run:558 - Starting Hedging Bot...
2025-07-07 11:45:50 | INFO     | bot.telegram_bot:send_risk_alert:554 - Risk alert sent for BTC: 8.0% > 5.0%
2025-07-07 11:46:20 | INFO     | bot.telegram_bot:send_risk_alert:554 - Risk alert sent for BTC: 8.0% > 5.0%
2025-07-07 11:46:50 | INFO     | bot.telegram_bot:send_risk_alert:554 - Risk alert sent for BTC: 8.0% > 5.0%
2025-07-07 11:47:20 | INFO     | bot.telegram_bot:send_risk_alert:554 - Risk alert sent for BTC: 8.0% > 5.0%
2025-07-07 11:47:50 | INFO     | bot.telegram_bot:send_risk_alert:554 - Risk alert sent for BTC: 8.0% > 5.0%
2025-07-07 11:48:20 | INFO     | bot.telegram_bot:send_risk_alert:554 - Risk alert sent for BTC: 8.0% > 5.0%
2025-07-07 11:48:50 | INFO     | bot.telegram_bot:send_risk_alert:554 - Risk alert sent for BTC: 8.0% > 5.0%
2025-07-07 11:49:20 | INFO     | bot.telegram_bot:send_risk_alert:554 - Risk alert sent for BTC: 8.0% > 5.0%
2025-07-07 11:49:50 | INFO     | bot.telegram_bot:send_risk_alert:554 - Risk alert sent for BTC: 8.0% > 5.0%
2025-07-07 11:50:20 | INFO     | bot.telegram_bot:send_risk_alert:554 - Risk alert sent for BTC: 8.0% > 5.0%
2025-07-07 11:50:50 | INFO     | bot.telegram_bot:send_risk_alert:554 - Risk alert sent for BTC: 8.0% > 5.0%
2025-07-07 11:51:20 | INFO     | bot.telegram_bot:send_risk_alert:554 - Risk alert sent for BTC: 8.0% > 5.0%
2025-07-07 11:51:50 | INFO     | bot.telegram_bot:send_risk_alert:554 - Risk alert sent for BTC: 8.0% > 5.0%
2025-07-07 11:52:20 | INFO     | bot.telegram_bot:send_risk_alert:554 - Risk alert sent for BTC: 8.0% > 5.0%
2025-07-07 11:52:50 | INFO     | bot.telegram_bot:send_risk_alert:554 - Risk alert sent for BTC: 8.0% > 5.0%
2025-07-07 11:53:20 | INFO     | bot.telegram_bot:send_risk_alert:554 - Risk alert sent for BTC: 8.0% > 5.0%
2025-07-07 11:53:50 | INFO     | bot.telegram_bot:send_risk_alert:554 - Risk alert sent for BTC: 8.0% > 5.0%
2025-07-07 11:54:20 | INFO     | bot.telegram_bot:send_risk_alert:554 - Risk alert sent for BTC: 8.0% > 5.0%
2025-07-07 11:54:50 | INFO     | bot.telegram_bot:send_risk_alert:554 - Risk alert sent for BTC: 8.0% > 5.0%
2025-07-07 11:55:20 | INFO     | bot.telegram_bot:send_risk_alert:554 - Risk alert sent for BTC: 8.0% > 5.0%
2025-07-07 11:55:50 | INFO     | bot.telegram_bot:send_risk_alert:554 - Risk alert sent for BTC: 8.0% > 5.0%
2025-07-07 11:56:20 | INFO     | bot.telegram_bot:send_risk_alert:554 - Risk alert sent for BTC: 8.0% > 5.0%
2025-07-07 11:56:50 | INFO     | bot.telegram_bot:send_risk_alert:554 - Risk alert sent for BTC: 8.0% > 5.0%
2025-07-07 11:57:20 | INFO     | bot.telegram_bot:send_risk_alert:554 - Risk alert sent for BTC: 8.0% > 5.0%
2025-07-07 11:57:50 | INFO     | bot.telegram_bot:send_risk_alert:554 - Risk alert sent for BTC: 8.0% > 5.0%
2025-07-07 11:58:20 | INFO     | bot.telegram_bot:send_risk_alert:554 - Risk alert sent for BTC: 8.0% > 5.0%
2025-07-07 11:58:43 | INFO     | bot.telegram_bot:send_risk_alert:554 - Risk alert sent for BTC: 8.0% > 5.0%
2025-07-07 11:58:50 | INFO     | bot.telegram_bot:send_risk_alert:554 - Risk alert sent for BTC: 8.0% > 5.0%
2025-07-07 11:59:13 | INFO     | bot.telegram_bot:send_risk_alert:554 - Risk alert sent for BTC: 8.0% > 5.0%
2025-07-07 11:59:20 | INFO     | bot.telegram_bot:send_risk_alert:554 - Risk alert sent for BTC: 8.0% > 5.0%
2025-07-07 11:59:43 | INFO     | bot.telegram_bot:send_risk_alert:554 - Risk alert sent for BTC: 8.0% > 5.0%
2025-07-07 11:59:50 | INFO     | bot.telegram_bot:send_risk_alert:554 - Risk alert sent for BTC: 8.0% > 5.0%
2025-07-07 12:00:13 | INFO     | bot.telegram_bot:send_risk_alert:554 - Risk alert sent for BTC: 8.0% > 5.0%
2025-07-07 12:00:20 | INFO     | bot.telegram_bot:send_risk_alert:554 - Risk alert sent for BTC: 8.0% > 5.0%
2025-07-07 12:00:43 | INFO     | bot.telegram_bot:send_risk_alert:554 - Risk alert sent for BTC: 8.0% > 5.0%
2025-07-07 12:00:50 | INFO     | bot.telegram_bot:send_risk_alert:554 - Risk alert sent for BTC: 8.0% > 5.0%
2025-07-07 12:01:13 | INFO     | bot.telegram_bot:send_risk_alert:554 - Risk alert sent for BTC: 8.0% > 5.0%
2025-07-07 12:01:20 | INFO     | bot.telegram_bot:send_risk_alert:554 - Risk alert sent for BTC: 8.0% > 5.0%
2025-07-07 12:01:43 | INFO     | bot.telegram_bot:send_risk_alert:554 - Risk alert sent for BTC: 8.0% > 5.0%
2025-07-07 12:01:50 | INFO     | bot.telegram_bot:send_risk_alert:554 - Risk alert sent for BTC: 8.0% > 5.0%
2025-07-07 12:02:13 | INFO     | bot.telegram_bot:send_risk_alert:554 - Risk alert sent for BTC: 8.0% > 5.0%
2025-07-07 12:02:20 | INFO     | bot.telegram_bot:send_risk_alert:554 - Risk alert sent for BTC: 8.0% > 5.0%
2025-07-07 12:02:43 | INFO     | bot.telegram_bot:send_risk_alert:554 - Risk alert sent for BTC: 8.0% > 5.0%
2025-07-07 12:02:50 | INFO     | bot.telegram_bot:send_risk_alert:554 - Risk alert sent for BTC: 8.0% > 5.0%
2025-07-07 12:03:13 | INFO     | bot.telegram_bot:send_risk_alert:554 - Risk alert sent for BTC: 8.0% > 5.0%
2025-07-07 12:03:20 | INFO     | bot.telegram_bot:send_risk_alert:554 - Risk alert sent for BTC: 8.0% > 5.0%
2025-07-07 12:03:43 | INFO     | bot.telegram_bot:send_risk_alert:554 - Risk alert sent for BTC: 8.0% > 5.0%
2025-07-07 12:03:50 | INFO     | bot.telegram_bot:send_risk_alert:554 - Risk alert sent for BTC: 8.0% > 5.0%
2025-07-07 12:04:07 | INFO     | bot.telegram_bot:send_risk_alert:554 - Risk alert sent for BTC: 8.0% > 5.0%
2025-07-07 12:04:13 | INFO     | bot.telegram_bot:send_risk_alert:554 - Risk alert sent for BTC: 8.0% > 5.0%
2025-07-07 12:04:20 | INFO     | bot.telegram_bot:send_risk_alert:554 - Risk alert sent for BTC: 8.0% > 5.0%
2025-07-07 12:04:37 | INFO     | bot.telegram_bot:send_risk_alert:554 - Risk alert sent for BTC: 8.0% > 5.0%
2025-07-07 12:04:43 | INFO     | bot.telegram_bot:send_risk_alert:554 - Risk alert sent for BTC: 8.0% > 5.0%
2025-07-07 12:04:50 | INFO     | bot.telegram_bot:send_risk_alert:554 - Risk alert sent for BTC: 8.0% > 5.0%
2025-07-07 12:05:07 | INFO     | bot.telegram_bot:send_risk_alert:554 - Risk alert sent for BTC: 8.0% > 5.0%
2025-07-07 12:05:13 | INFO     | bot.telegram_bot:send_risk_alert:554 - Risk alert sent for BTC: 8.0% > 5.0%
2025-07-07 12:05:20 | INFO     | bot.telegram_bot:send_risk_alert:554 - Risk alert sent for BTC: 8.0% > 5.0%
2025-07-07 12:05:37 | INFO     | bot.telegram_bot:send_risk_alert:554 - Risk alert sent for BTC: 8.0% > 5.0%
2025-07-07 12:05:43 | INFO     | bot.telegram_bot:send_risk_alert:554 - Risk alert sent for BTC: 8.0% > 5.0%
2025-07-07 12:05:50 | INFO     | bot.telegram_bot:send_risk_alert:554 - Risk alert sent for BTC: 8.0% > 5.0%
2025-07-07 12:06:07 | INFO     | bot.telegram_bot:send_risk_alert:554 - Risk alert sent for BTC: 8.0% > 5.0%
2025-07-07 12:06:13 | INFO     | bot.telegram_bot:send_risk_alert:554 - Risk alert sent for BTC: 8.0% > 5.0%
2025-07-07 12:06:20 | INFO     | bot.telegram_bot:send_risk_alert:554 - Risk alert sent for BTC: 8.0% > 5.0%
2025-07-07 12:06:37 | INFO     | bot.telegram_bot:send_risk_alert:554 - Risk alert sent for BTC: 8.0% > 5.0%
2025-07-07 12:06:43 | INFO     | bot.telegram_bot:send_risk_alert:554 - Risk alert sent for BTC: 8.0% > 5.0%
2025-07-07 12:06:50 | INFO     | bot.telegram_bot:send_risk_alert:554 - Risk alert sent for BTC: 8.0% > 5.0%
2025-07-07 12:07:07 | INFO     | bot.telegram_bot:send_risk_alert:554 - Risk alert sent for BTC: 8.0% > 5.0%
2025-07-07 12:07:13 | INFO     | bot.telegram_bot:send_risk_alert:554 - Risk alert sent for BTC: 8.0% > 5.0%
2025-07-07 12:07:20 | INFO     | bot.telegram_bot:send_risk_alert:554 - Risk alert sent for BTC: 8.0% > 5.0%
2025-07-07 12:07:37 | INFO     | bot.telegram_bot:send_risk_alert:554 - Risk alert sent for BTC: 8.0% > 5.0%
2025-07-07 12:07:43 | INFO     | bot.telegram_bot:send_risk_alert:554 - Risk alert sent for BTC: 8.0% > 5.0%
2025-07-07 12:07:50 | INFO     | bot.telegram_bot:send_risk_alert:554 - Risk alert sent for BTC: 8.0% > 5.0%
2025-07-07 12:08:07 | INFO     | bot.telegram_bot:send_risk_alert:554 - Risk alert sent for BTC: 8.0% > 5.0%
2025-07-07 12:08:13 | INFO     | bot.telegram_bot:send_risk_alert:554 - Risk alert sent for BTC: 8.0% > 5.0%
2025-07-07 12:08:20 | INFO     | bot.telegram_bot:send_risk_alert:554 - Risk alert sent for BTC: 8.0% > 5.0%
2025-07-07 12:08:37 | INFO     | bot.telegram_bot:send_risk_alert:554 - Risk alert sent for BTC: 8.0% > 5.0%
2025-07-07 12:08:42 | INFO     | __main__:signal_handler:30 - Received signal 2, shutting down...
2025-07-07 12:08:43 | INFO     | bot.telegram_bot:send_risk_alert:554 - Risk alert sent for BTC: 8.0% > 5.0%
2025-07-07 12:08:50 | INFO     | bot.telegram_bot:send_risk_alert:554 - Risk alert sent for BTC: 8.0% > 5.0%
2025-07-07 12:09:07 | INFO     | bot.telegram_bot:send_risk_alert:554 - Risk alert sent for BTC: 8.0% > 5.0%
2025-07-07 12:09:13 | INFO     | bot.telegram_bot:send_risk_alert:554 - Risk alert sent for BTC: 8.0% > 5.0%
2025-07-07 12:09:20 | INFO     | bot.telegram_bot:send_risk_alert:554 - Risk alert sent for BTC: 8.0% > 5.0%
2025-07-07 12:09:37 | INFO     | bot.telegram_bot:send_risk_alert:554 - Risk alert sent for BTC: 8.0% > 5.0%
2025-07-07 12:09:43 | INFO     | bot.telegram_bot:send_risk_alert:554 - Risk alert sent for BTC: 8.0% > 5.0%
2025-07-07 12:09:50 | INFO     | bot.telegram_bot:send_risk_alert:554 - Risk alert sent for BTC: 8.0% > 5.0%
2025-07-07 12:10:07 | INFO     | bot.telegram_bot:send_risk_alert:554 - Risk alert sent for BTC: 8.0% > 5.0%
2025-07-07 12:10:14 | INFO     | bot.telegram_bot:send_risk_alert:554 - Risk alert sent for BTC: 8.0% > 5.0%
2025-07-07 12:10:20 | INFO     | bot.telegram_bot:send_risk_alert:554 - Risk alert sent for BTC: 8.0% > 5.0%
2025-07-07 12:10:37 | INFO     | bot.telegram_bot:send_risk_alert:554 - Risk alert sent for BTC: 8.0% > 5.0%
2025-07-07 12:10:44 | INFO     | bot.telegram_bot:send_risk_alert:554 - Risk alert sent for BTC: 8.0% > 5.0%
2025-07-07 12:10:50 | INFO     | bot.telegram_bot:send_risk_alert:554 - Risk alert sent for BTC: 8.0% > 5.0%
2025-07-07 12:11:07 | INFO     | bot.telegram_bot:send_risk_alert:554 - Risk alert sent for BTC: 8.0% > 5.0%
2025-07-07 12:11:14 | INFO     | bot.telegram_bot:send_risk_alert:554 - Risk alert sent for BTC: 8.0% > 5.0%
2025-07-07 12:11:20 | INFO     | bot.telegram_bot:send_risk_alert:554 - Risk alert sent for BTC: 8.0% > 5.0%
2025-07-07 12:11:37 | INFO     | bot.telegram_bot:send_risk_alert:554 - Risk alert sent for BTC: 8.0% > 5.0%
2025-07-07 12:11:44 | INFO     | bot.telegram_bot:send_risk_alert:554 - Risk alert sent for BTC: 8.0% > 5.0%
2025-07-07 12:11:50 | INFO     | bot.telegram_bot:send_risk_alert:554 - Risk alert sent for BTC: 8.0% > 5.0%
2025-07-07 12:12:07 | INFO     | bot.telegram_bot:send_risk_alert:554 - Risk alert sent for BTC: 8.0% > 5.0%
2025-07-07 12:12:14 | INFO     | bot.telegram_bot:send_risk_alert:554 - Risk alert sent for BTC: 8.0% > 5.0%
2025-07-07 12:12:20 | INFO     | bot.telegram_bot:send_risk_alert:554 - Risk alert sent for BTC: 8.0% > 5.0%
2025-07-07 12:12:37 | INFO     | bot.telegram_bot:send_risk_alert:554 - Risk alert sent for BTC: 8.0% > 5.0%
2025-07-07 12:12:44 | INFO     | bot.telegram_bot:send_risk_alert:554 - Risk alert sent for BTC: 8.0% > 5.0%
2025-07-07 12:12:50 | INFO     | bot.telegram_bot:send_risk_alert:554 - Risk alert sent for BTC: 8.0% > 5.0%
2025-07-07 12:13:07 | INFO     | bot.telegram_bot:send_risk_alert:554 - Risk alert sent for BTC: 8.0% > 5.0%
2025-07-07 12:13:14 | INFO     | bot.telegram_bot:send_risk_alert:554 - Risk alert sent for BTC: 8.0% > 5.0%
2025-07-07 12:13:20 | INFO     | bot.telegram_bot:send_risk_alert:554 - Risk alert sent for BTC: 8.0% > 5.0%
2025-07-07 12:13:37 | INFO     | bot.telegram_bot:send_risk_alert:554 - Risk alert sent for BTC: 8.0% > 5.0%
2025-07-07 12:13:44 | INFO     | bot.telegram_bot:send_risk_alert:554 - Risk alert sent for BTC: 8.0% > 5.0%
2025-07-07 12:13:50 | INFO     | bot.telegram_bot:send_risk_alert:554 - Risk alert sent for BTC: 8.0% > 5.0%
2025-07-07 12:14:07 | INFO     | bot.telegram_bot:send_risk_alert:554 - Risk alert sent for BTC: 8.0% > 5.0%
2025-07-07 12:14:14 | INFO     | bot.telegram_bot:send_risk_alert:554 - Risk alert sent for BTC: 8.0% > 5.0%
2025-07-07 12:14:20 | INFO     | bot.telegram_bot:send_risk_alert:554 - Risk alert sent for BTC: 8.0% > 5.0%
2025-07-07 12:14:37 | INFO     | bot.telegram_bot:send_risk_alert:554 - Risk alert sent for BTC: 8.0% > 5.0%
2025-07-07 12:14:44 | INFO     | bot.telegram_bot:send_risk_alert:554 - Risk alert sent for BTC: 8.0% > 5.0%
2025-07-07 12:14:50 | INFO     | bot.telegram_bot:send_risk_alert:554 - Risk alert sent for BTC: 8.0% > 5.0%
2025-07-07 12:15:07 | INFO     | bot.telegram_bot:send_risk_alert:554 - Risk alert sent for BTC: 8.0% > 5.0%
2025-07-07 12:15:14 | INFO     | bot.telegram_bot:send_risk_alert:554 - Risk alert sent for BTC: 8.0% > 5.0%
2025-07-07 12:15:20 | INFO     | bot.telegram_bot:send_risk_alert:554 - Risk alert sent for BTC: 8.0% > 5.0%
2025-07-07 12:15:37 | INFO     | bot.telegram_bot:send_risk_alert:554 - Risk alert sent for BTC: 8.0% > 5.0%
2025-07-07 12:15:44 | INFO     | bot.telegram_bot:send_risk_alert:554 - Risk alert sent for BTC: 8.0% > 5.0%
2025-07-07 12:15:50 | INFO     | bot.telegram_bot:send_risk_alert:554 - Risk alert sent for BTC: 8.0% > 5.0%
2025-07-07 12:16:07 | INFO     | bot.telegram_bot:send_risk_alert:554 - Risk alert sent for BTC: 8.0% > 5.0%
2025-07-07 12:16:14 | INFO     | bot.telegram_bot:send_risk_alert:554 - Risk alert sent for BTC: 8.0% > 5.0%
2025-07-07 12:16:20 | INFO     | bot.telegram_bot:send_risk_alert:554 - Risk alert sent for BTC: 8.0% > 5.0%
2025-07-07 12:16:37 | INFO     | bot.telegram_bot:send_risk_alert:554 - Risk alert sent for BTC: 8.0% > 5.0%
2025-07-07 12:16:44 | INFO     | bot.telegram_bot:send_risk_alert:554 - Risk alert sent for BTC: 8.0% > 5.0%
2025-07-07 12:16:50 | INFO     | bot.telegram_bot:send_risk_alert:554 - Risk alert sent for BTC: 8.0% > 5.0%
2025-07-07 12:17:08 | INFO     | bot.telegram_bot:send_risk_alert:554 - Risk alert sent for BTC: 8.0% > 5.0%
2025-07-07 12:17:14 | INFO     | bot.telegram_bot:send_risk_alert:554 - Risk alert sent for BTC: 8.0% > 5.0%
2025-07-07 12:17:20 | INFO     | bot.telegram_bot:send_risk_alert:554 - Risk alert sent for BTC: 8.0% > 5.0%
2025-07-07 12:17:38 | INFO     | bot.telegram_bot:send_risk_alert:554 - Risk alert sent for BTC: 8.0% > 5.0%
2025-07-07 12:17:44 | INFO     | bot.telegram_bot:send_risk_alert:554 - Risk alert sent for BTC: 8.0% > 5.0%
2025-07-07 12:17:50 | INFO     | bot.telegram_bot:send_risk_alert:554 - Risk alert sent for BTC: 8.0% > 5.0%
2025-07-07 12:18:08 | INFO     | bot.telegram_bot:send_risk_alert:554 - Risk alert sent for BTC: 8.0% > 5.0%
2025-07-07 12:18:14 | INFO     | bot.telegram_bot:send_risk_alert:554 - Risk alert sent for BTC: 8.0% > 5.0%
2025-07-07 12:18:20 | INFO     | bot.telegram_bot:send_risk_alert:554 - Risk alert sent for BTC: 8.0% > 5.0%
2025-07-07 12:18:38 | INFO     | bot.telegram_bot:send_risk_alert:554 - Risk alert sent for BTC: 8.0% > 5.0%
2025-07-07 12:18:44 | INFO     | bot.telegram_bot:send_risk_alert:554 - Risk alert sent for BTC: 8.0% > 5.0%
2025-07-07 12:18:50 | INFO     | bot.telegram_bot:send_risk_alert:554 - Risk alert sent for BTC: 8.0% > 5.0%
2025-07-07 12:19:08 | INFO     | bot.telegram_bot:send_risk_alert:554 - Risk alert sent for BTC: 8.0% > 5.0%
2025-07-07 12:19:14 | INFO     | bot.telegram_bot:send_risk_alert:554 - Risk alert sent for BTC: 8.0% > 5.0%
2025-07-07 12:19:20 | INFO     | bot.telegram_bot:send_risk_alert:554 - Risk alert sent for BTC: 8.0% > 5.0%
2025-07-07 12:19:38 | INFO     | bot.telegram_bot:send_risk_alert:554 - Risk alert sent for BTC: 8.0% > 5.0%
2025-07-07 12:19:44 | INFO     | bot.telegram_bot:send_risk_alert:554 - Risk alert sent for BTC: 8.0% > 5.0%
2025-07-07 12:19:51 | INFO     | bot.telegram_bot:send_risk_alert:554 - Risk alert sent for BTC: 8.0% > 5.0%
2025-07-07 12:19:55 | INFO     | __main__:signal_handler:30 - Received signal 2, shutting down...
2025-07-07 12:19:57 | INFO     | __main__:signal_handler:30 - Received signal 2, shutting down...
2025-07-07 12:20:08 | INFO     | utils.logger:setup_logger:30 - Logger configured successfully
2025-07-07 12:20:09 | INFO     | utils.logger:setup_logger:30 - Logger configured successfully
2025-07-07 12:20:09 | INFO     | utils.config:validate:69 - Enabled exchanges: deribit
2025-07-07 12:20:09 | INFO     | utils.config:validate:71 - Configuration validated successfully
2025-07-07 12:20:09 | INFO     | __main__:start:41 - Starting Spot Exposure Hedging Bot...
2025-07-07 12:20:10 | INFO     | bot.telegram_bot:run:731 - Starting Hedging Bot...
2025-07-07 12:21:37 | INFO     | bot.telegram_bot:send_risk_alert:725 - Risk alert sent for BTC: 8.0% > 5.0% to chat_id 5697536185
2025-07-07 12:22:12 | INFO     | bot.telegram_bot:send_risk_alert:725 - Risk alert sent for BTC: 8.0% > 5.0% to chat_id 5697536185
2025-07-07 12:22:43 | INFO     | bot.telegram_bot:send_risk_alert:725 - Risk alert sent for BTC: 8.0% > 5.0% to chat_id 5697536185
2025-07-07 12:23:16 | INFO     | bot.telegram_bot:send_risk_alert:725 - Risk alert sent for BTC: 8.0% > 5.0% to chat_id 5697536185
2025-07-07 12:23:48 | INFO     | bot.telegram_bot:send_risk_alert:725 - Risk alert sent for BTC: 8.0% > 5.0% to chat_id 5697536185
2025-07-07 12:24:20 | INFO     | bot.telegram_bot:send_risk_alert:725 - Risk alert sent for BTC: 8.0% > 5.0% to chat_id 5697536185
2025-07-07 12:24:54 | INFO     | bot.telegram_bot:send_risk_alert:725 - Risk alert sent for BTC: 8.0% > 5.0% to chat_id 5697536185
2025-07-07 12:25:25 | INFO     | bot.telegram_bot:send_risk_alert:725 - Risk alert sent for BTC: 8.0% > 5.0% to chat_id 5697536185
2025-07-07 12:25:33 | INFO     | __main__:signal_handler:30 - Received signal 2, shutting down...
2025-07-07 12:33:35 | INFO     | utils.logger:setup_logger:30 - Logger configured successfully
2025-07-07 12:33:36 | INFO     | utils.logger:setup_logger:30 - Logger configured successfully
2025-07-07 12:33:36 | INFO     | utils.config:validate:69 - Enabled exchanges: deribit
2025-07-07 12:33:36 | INFO     | utils.config:validate:71 - Configuration validated successfully
2025-07-07 12:33:36 | INFO     | __main__:start:41 - Starting Spot Exposure Hedging Bot...
2025-07-07 12:33:37 | INFO     | bot.telegram_bot:run:764 - Starting Hedging Bot...
2025-07-07 12:35:21 | INFO     | bot.telegram_bot:send_risk_alert:760 - Risk alert sent for BTC to user 5697536185: 8.0% > 5.0%
2025-07-07 12:44:08 | INFO     | __main__:signal_handler:30 - Received signal 2, shutting down...
2025-07-07 12:47:41 | INFO     | utils.logger:setup_logger:30 - Logger configured successfully
2025-07-07 12:47:42 | INFO     | utils.logger:setup_logger:30 - Logger configured successfully
2025-07-07 12:47:42 | INFO     | utils.config:validate:69 - Enabled exchanges: deribit
2025-07-07 12:47:42 | INFO     | utils.config:validate:71 - Configuration validated successfully
2025-07-07 12:47:42 | INFO     | __main__:start:41 - Starting Spot Exposure Hedging Bot...
2025-07-07 12:47:42 | ERROR    | __main__:start:53 - Error starting application: no running event loop
2025-07-07 12:47:42 | INFO     | __main__:stop:59 - Stopping Hedging Bot...
2025-07-07 12:47:42 | INFO     | __main__:stop:65 - Hedging Bot stopped successfully
2025-07-07 12:48:05 | INFO     | utils.logger:setup_logger:30 - Logger configured successfully
2025-07-07 12:48:06 | INFO     | utils.logger:setup_logger:30 - Logger configured successfully
2025-07-07 12:48:06 | INFO     | utils.config:validate:69 - Enabled exchanges: deribit
2025-07-07 12:48:06 | INFO     | utils.config:validate:71 - Configuration validated successfully
2025-07-07 12:48:06 | INFO     | __main__:start:41 - Starting Spot Exposure Hedging Bot...
2025-07-07 12:48:06 | ERROR    | __main__:start:53 - Error starting application: no running event loop
2025-07-07 12:48:06 | INFO     | __main__:stop:59 - Stopping Hedging Bot...
2025-07-07 12:48:06 | INFO     | __main__:stop:65 - Hedging Bot stopped successfully
2025-07-07 12:50:15 | INFO     | utils.logger:setup_logger:30 - Logger configured successfully
2025-07-07 12:50:16 | INFO     | utils.logger:setup_logger:30 - Logger configured successfully
2025-07-07 12:50:16 | INFO     | utils.config:validate:69 - Enabled exchanges: deribit
2025-07-07 12:50:16 | INFO     | utils.config:validate:71 - Configuration validated successfully
2025-07-07 12:50:16 | INFO     | __main__:start:41 - Starting Spot Exposure Hedging Bot...
2025-07-07 12:50:17 | INFO     | bot.telegram_bot:run:923 - Starting Hedging Bot...
2025-07-07 12:50:17 | ERROR    | __main__:start:53 - Error starting application: Cannot close a running event loop
2025-07-07 12:50:17 | INFO     | __main__:stop:59 - Stopping Hedging Bot...
2025-07-07 12:50:17 | INFO     | bot.telegram_bot:stop:932 - Stopping Hedging Bot...
2025-07-07 12:50:17 | INFO     | __main__:stop:65 - Hedging Bot stopped successfully
2025-07-07 12:52:05 | INFO     | utils.logger:setup_logger:30 - Logger configured successfully
2025-07-07 12:52:06 | INFO     | utils.logger:setup_logger:30 - Logger configured successfully
2025-07-07 12:52:06 | INFO     | utils.config:validate:69 - Enabled exchanges: deribit
2025-07-07 12:52:06 | INFO     | utils.config:validate:71 - Configuration validated successfully
2025-07-07 12:52:06 | INFO     | __main__:start:41 - Starting Spot Exposure Hedging Bot...
2025-07-07 12:52:06 | INFO     | bot.telegram_bot:run:928 - Starting Hedging Bot...
2025-07-07 12:53:49 | ERROR    | bot.telegram_bot:price_polling_loop:833 - Error in price polling loop: 'Config' object has no attribute 'DERIBIT'
2025-07-07 12:53:51 | INFO     | hedging.strategies:set_strategy:366 - Set active strategy: delta_neutral
2025-07-07 12:54:09 | ERROR    | bot.telegram_bot:price_polling_loop:833 - Error in price polling loop: 'Config' object has no attribute 'DERIBIT'
2025-07-07 12:54:13 | INFO     | bot.telegram_bot:send_risk_alert:806 - Risk alert sent for BTC to user 5697536185: 8.0% > 5.0%
2025-07-07 12:54:29 | ERROR    | bot.telegram_bot:price_polling_loop:833 - Error in price polling loop: 'Config' object has no attribute 'DERIBIT'
2025-07-07 12:54:44 | INFO     | bot.telegram_bot:send_risk_alert:806 - Risk alert sent for BTC to user 5697536185: 8.0% > 5.0%
2025-07-07 12:54:49 | ERROR    | bot.telegram_bot:price_polling_loop:833 - Error in price polling loop: 'Config' object has no attribute 'DERIBIT'
2025-07-07 12:55:09 | ERROR    | bot.telegram_bot:price_polling_loop:833 - Error in price polling loop: 'Config' object has no attribute 'DERIBIT'
2025-07-07 12:55:29 | ERROR    | bot.telegram_bot:price_polling_loop:833 - Error in price polling loop: 'Config' object has no attribute 'DERIBIT'
2025-07-07 12:55:49 | ERROR    | bot.telegram_bot:price_polling_loop:833 - Error in price polling loop: 'Config' object has no attribute 'DERIBIT'
2025-07-07 12:56:09 | ERROR    | bot.telegram_bot:price_polling_loop:833 - Error in price polling loop: 'Config' object has no attribute 'DERIBIT'
2025-07-07 12:56:29 | ERROR    | bot.telegram_bot:price_polling_loop:833 - Error in price polling loop: 'Config' object has no attribute 'DERIBIT'
2025-07-07 12:56:49 | ERROR    | bot.telegram_bot:price_polling_loop:833 - Error in price polling loop: 'Config' object has no attribute 'DERIBIT'
2025-07-07 12:57:09 | ERROR    | bot.telegram_bot:price_polling_loop:833 - Error in price polling loop: 'Config' object has no attribute 'DERIBIT'
2025-07-07 12:57:29 | ERROR    | bot.telegram_bot:price_polling_loop:833 - Error in price polling loop: 'Config' object has no attribute 'DERIBIT'
2025-07-07 12:57:49 | ERROR    | bot.telegram_bot:price_polling_loop:833 - Error in price polling loop: 'Config' object has no attribute 'DERIBIT'
2025-07-07 12:58:09 | ERROR    | bot.telegram_bot:price_polling_loop:833 - Error in price polling loop: 'Config' object has no attribute 'DERIBIT'
2025-07-07 12:58:29 | ERROR    | bot.telegram_bot:price_polling_loop:833 - Error in price polling loop: 'Config' object has no attribute 'DERIBIT'
2025-07-07 12:58:49 | ERROR    | bot.telegram_bot:price_polling_loop:833 - Error in price polling loop: 'Config' object has no attribute 'DERIBIT'
2025-07-07 12:59:09 | ERROR    | bot.telegram_bot:price_polling_loop:833 - Error in price polling loop: 'Config' object has no attribute 'DERIBIT'
2025-07-07 12:59:29 | ERROR    | bot.telegram_bot:price_polling_loop:833 - Error in price polling loop: 'Config' object has no attribute 'DERIBIT'
2025-07-07 12:59:30 | INFO     | __main__:signal_handler:30 - Received signal 2, shutting down...
2025-07-07 13:02:53 | INFO     | utils.logger:setup_logger:30 - Logger configured successfully
2025-07-07 13:02:54 | INFO     | utils.logger:setup_logger:30 - Logger configured successfully
2025-07-07 13:02:54 | INFO     | utils.config:validate:69 - Enabled exchanges: deribit
2025-07-07 13:02:54 | INFO     | utils.config:validate:71 - Configuration validated successfully
2025-07-07 13:02:54 | INFO     | __main__:start:41 - Starting Spot Exposure Hedging Bot...
2025-07-07 13:02:55 | INFO     | bot.telegram_bot:run:920 - Starting Hedging Bot...
2025-07-07 13:06:12 | INFO     | __main__:signal_handler:30 - Received signal 2, shutting down...
2025-07-07 16:15:50 | INFO     | utils.logger:setup_logger:30 - Logger configured successfully
2025-07-07 16:15:51 | INFO     | utils.logger:setup_logger:30 - Logger configured successfully
2025-07-07 16:15:51 | INFO     | utils.config:validate:69 - Enabled exchanges: deribit
2025-07-07 16:15:51 | INFO     | utils.config:validate:71 - Configuration validated successfully
2025-07-07 16:15:51 | INFO     | __main__:start:41 - Starting Spot Exposure Hedging Bot...
2025-07-07 16:15:52 | INFO     | bot.telegram_bot:run:958 - Starting Hedging Bot...
2025-07-07 16:16:11 | ERROR    | bot.telegram_bot:button_callback:743 - Error in button_callback: Can't parse entities: can't find end of the entity starting at byte offset 376
2025-07-07 16:16:20 | ERROR    | bot.telegram_bot:button_callback:743 - Error in button_callback: Can't parse entities: can't find end of the entity starting at byte offset 376
2025-07-07 16:26:51 | ERROR    | bot.telegram_bot:button_callback:743 - Error in button_callback: Can't parse entities: can't find end of the entity starting at byte offset 376
2025-07-07 16:27:06 | ERROR    | bot.telegram_bot:button_callback:743 - Error in button_callback: Can't parse entities: can't find end of the entity starting at byte offset 376
2025-07-07 16:28:23 | ERROR    | bot.telegram_bot:button_callback:743 - Error in button_callback: Can't parse entities: can't find end of the entity starting at byte offset 376
2025-07-07 16:30:00 | ERROR    | bot.telegram_bot:button_callback:743 - Error in button_callback: Can't parse entities: can't find end of the entity starting at byte offset 376
2025-07-07 16:30:04 | INFO     | __main__:signal_handler:30 - Received signal 2, shutting down...
2025-07-07 16:30:12 | INFO     | utils.logger:setup_logger:30 - Logger configured successfully
2025-07-07 16:30:13 | INFO     | utils.logger:setup_logger:30 - Logger configured successfully
2025-07-07 16:30:13 | INFO     | utils.config:validate:69 - Enabled exchanges: deribit
2025-07-07 16:30:13 | INFO     | utils.config:validate:71 - Configuration validated successfully
2025-07-07 16:30:13 | INFO     | __main__:start:41 - Starting Spot Exposure Hedging Bot...
2025-07-07 16:30:14 | INFO     | bot.telegram_bot:run:948 - Starting Hedging Bot...
2025-07-07 16:52:43 | INFO     | __main__:signal_handler:30 - Received signal 2, shutting down...
2025-07-07 16:52:53 | INFO     | utils.logger:setup_logger:30 - Logger configured successfully
2025-07-07 16:52:55 | INFO     | utils.logger:setup_logger:30 - Logger configured successfully
2025-07-07 16:52:55 | INFO     | utils.config:validate:69 - Enabled exchanges: deribit
2025-07-07 16:52:55 | INFO     | utils.config:validate:71 - Configuration validated successfully
2025-07-07 16:52:55 | INFO     | __main__:start:41 - Starting Spot Exposure Hedging Bot...
2025-07-07 16:52:56 | INFO     | bot.telegram_bot:run:967 - Starting Hedging Bot...
2025-07-07 22:51:39 | INFO     | __main__:signal_handler:30 - Received signal 2, shutting down...
2025-07-12 22:19:56 | INFO     | utils.logger:setup_logger:30 - Logger configured successfully
2025-07-12 22:19:59 | INFO     | utils.logger:setup_logger:30 - Logger configured successfully
2025-07-12 22:19:59 | INFO     | utils.config:validate:69 - Enabled exchanges: deribit
2025-07-12 22:19:59 | INFO     | utils.config:validate:71 - Configuration validated successfully
2025-07-12 22:19:59 | INFO     | __main__:start:41 - Starting Spot Exposure Hedging Bot...
2025-07-12 22:19:59 | INFO     | bot.telegram_bot:setup_handlers:83 - Bot handlers setup completed
2025-07-12 22:19:59 | INFO     | bot.telegram_bot:__init__:47 - Hedging Bot initialized successfully
2025-07-12 22:19:59 | INFO     | bot.telegram_bot:run:1620 - Starting Hedging Bot...
2025-07-12 22:19:59 | INFO     | bot.telegram_bot:run:1621 - Bot features: Risk monitoring, Auto-hedging, Analytics, Alerts, Summaries
2025-07-12 22:22:22 | INFO     | hedging.strategies:set_strategy:366 - Set active strategy: delta_neutral
2025-07-12 22:22:27 | INFO     | exchanges.deribit:connect:28 - Connected to Deribit
2025-07-12 22:22:28 | ERROR    | bot.telegram_bot:price_polling_loop:1497 - Error in price polling loop: name 'chat_id' is not defined
2025-07-12 22:22:52 | ERROR    | bot.telegram_bot:price_polling_loop:1497 - Error in price polling loop: name 'chat_id' is not defined
2025-07-12 22:22:53 | ERROR    | bot.telegram_bot:risk_analytics_command:722 - Error in risk_analytics_command: Can't parse entities: unsupported start tag "br" at byte offset 73
2025-07-12 22:23:23 | ERROR    | bot.telegram_bot:price_polling_loop:1497 - Error in price polling loop: name 'chat_id' is not defined
2025-07-12 22:23:44 | ERROR    | bot.telegram_bot:price_polling_loop:1497 - Error in price polling loop: name 'chat_id' is not defined
2025-07-12 22:24:05 | ERROR    | bot.telegram_bot:price_polling_loop:1497 - Error in price polling loop: name 'chat_id' is not defined
2025-07-12 22:24:26 | ERROR    | bot.telegram_bot:price_polling_loop:1497 - Error in price polling loop: name 'chat_id' is not defined
2025-07-12 22:24:47 | ERROR    | bot.telegram_bot:price_polling_loop:1497 - Error in price polling loop: name 'chat_id' is not defined
2025-07-12 22:25:07 | ERROR    | bot.telegram_bot:price_polling_loop:1497 - Error in price polling loop: name 'chat_id' is not defined
2025-07-12 22:25:28 | ERROR    | bot.telegram_bot:price_polling_loop:1497 - Error in price polling loop: name 'chat_id' is not defined
2025-07-12 22:25:51 | ERROR    | bot.telegram_bot:price_polling_loop:1497 - Error in price polling loop: name 'chat_id' is not defined
2025-07-12 22:26:11 | ERROR    | bot.telegram_bot:price_polling_loop:1497 - Error in price polling loop: name 'chat_id' is not defined
2025-07-12 22:26:34 | ERROR    | bot.telegram_bot:price_polling_loop:1497 - Error in price polling loop: name 'chat_id' is not defined
2025-07-12 22:26:44 | ERROR    | bot.telegram_bot:risk_analytics_command:722 - Error in risk_analytics_command: Can't parse entities: unsupported start tag "br" at byte offset 73
2025-07-12 22:26:57 | ERROR    | bot.telegram_bot:price_polling_loop:1497 - Error in price polling loop: name 'chat_id' is not defined
2025-07-12 22:27:20 | ERROR    | bot.telegram_bot:price_polling_loop:1497 - Error in price polling loop: name 'chat_id' is not defined
2025-07-12 22:27:41 | ERROR    | bot.telegram_bot:price_polling_loop:1497 - Error in price polling loop: name 'chat_id' is not defined
2025-07-12 22:28:02 | ERROR    | bot.telegram_bot:price_polling_loop:1497 - Error in price polling loop: name 'chat_id' is not defined
2025-07-12 22:28:28 | ERROR    | bot.telegram_bot:price_polling_loop:1497 - Error in price polling loop: name 'chat_id' is not defined
2025-07-12 22:28:49 | ERROR    | bot.telegram_bot:price_polling_loop:1497 - Error in price polling loop: name 'chat_id' is not defined
2025-07-12 22:29:22 | ERROR    | bot.telegram_bot:price_polling_loop:1497 - Error in price polling loop: name 'chat_id' is not defined
2025-07-12 22:29:47 | ERROR    | bot.telegram_bot:price_polling_loop:1497 - Error in price polling loop: name 'chat_id' is not defined
2025-07-12 22:30:09 | ERROR    | bot.telegram_bot:price_polling_loop:1497 - Error in price polling loop: name 'chat_id' is not defined
2025-07-12 22:30:31 | ERROR    | bot.telegram_bot:price_polling_loop:1497 - Error in price polling loop: name 'chat_id' is not defined
2025-07-12 22:31:00 | ERROR    | bot.telegram_bot:price_polling_loop:1497 - Error in price polling loop: name 'chat_id' is not defined
2025-07-12 22:31:22 | ERROR    | bot.telegram_bot:price_polling_loop:1497 - Error in price polling loop: name 'chat_id' is not defined
2025-07-12 22:31:43 | ERROR    | bot.telegram_bot:price_polling_loop:1497 - Error in price polling loop: name 'chat_id' is not defined
2025-07-12 22:32:06 | ERROR    | bot.telegram_bot:price_polling_loop:1497 - Error in price polling loop: name 'chat_id' is not defined
2025-07-12 22:32:34 | ERROR    | bot.telegram_bot:price_polling_loop:1497 - Error in price polling loop: name 'chat_id' is not defined
2025-07-12 22:32:56 | ERROR    | bot.telegram_bot:price_polling_loop:1497 - Error in price polling loop: name 'chat_id' is not defined
2025-07-12 22:33:22 | ERROR    | bot.telegram_bot:price_polling_loop:1497 - Error in price polling loop: name 'chat_id' is not defined
2025-07-12 22:33:45 | ERROR    | bot.telegram_bot:price_polling_loop:1497 - Error in price polling loop: name 'chat_id' is not defined
2025-07-12 22:33:47 | ERROR    | bot.telegram_bot:risk_analytics_command:722 - Error in risk_analytics_command: Can't parse entities: unsupported start tag "br" at byte offset 73
2025-07-12 22:33:51 | INFO     | __main__:signal_handler:30 - Received signal 2, shutting down...
2025-07-12 22:34:01 | INFO     | utils.logger:setup_logger:30 - Logger configured successfully
2025-07-12 22:34:03 | INFO     | utils.logger:setup_logger:30 - Logger configured successfully
2025-07-12 22:34:03 | INFO     | utils.config:validate:69 - Enabled exchanges: deribit
2025-07-12 22:34:03 | INFO     | utils.config:validate:71 - Configuration validated successfully
2025-07-12 22:34:03 | INFO     | __main__:start:41 - Starting Spot Exposure Hedging Bot...
2025-07-12 22:34:03 | INFO     | bot.telegram_bot:setup_handlers:83 - Bot handlers setup completed
2025-07-12 22:34:03 | INFO     | bot.telegram_bot:__init__:47 - Hedging Bot initialized successfully
2025-07-12 22:34:03 | INFO     | bot.telegram_bot:run:1678 - Starting Hedging Bot...
2025-07-12 22:34:03 | INFO     | bot.telegram_bot:run:1679 - Bot features: Risk monitoring, Auto-hedging, Analytics, Alerts, Summaries
2025-07-12 22:34:30 | INFO     | exchanges.deribit:connect:28 - Connected to Deribit
2025-07-12 22:34:56 | INFO     | bot.telegram_bot:send_risk_alert:1383 - Risk alert sent for BTC to user 5697536185: 0.0% > 5.0%
2025-07-12 22:35:00 | ERROR    | bot.telegram_bot:button_callback:1175 - Error in button_callback: not enough values to unpack (expected 4, got 3)
2025-07-12 22:35:36 | ERROR    | bot.telegram_bot:monitor_position:1314 - Error monitoring BTC for user 5697536185: Timed out
2025-07-12 22:35:59 | ERROR    | bot.telegram_bot:button_callback:1175 - Error in button_callback: 
Image export using the "kaleido" engine requires the Kaleido package,
which can be installed using pip:

    $ pip install --upgrade kaleido

2025-07-12 22:36:08 | INFO     | bot.telegram_bot:send_risk_alert:1383 - Risk alert sent for BTC to user 5697536185: 0.0% > 5.0%
2025-07-12 22:36:33 | ERROR    | bot.telegram_bot:button_callback:1175 - Error in button_callback: could not convert string to float: 'BTC_100.0'
2025-07-12 22:42:26 | INFO     | __main__:signal_handler:30 - Received signal 2, shutting down...
2025-07-12 22:42:34 | INFO     | utils.logger:setup_logger:30 - Logger configured successfully
2025-07-12 22:42:36 | INFO     | utils.logger:setup_logger:30 - Logger configured successfully
2025-07-12 22:42:36 | INFO     | utils.config:validate:69 - Enabled exchanges: deribit
2025-07-12 22:42:36 | INFO     | utils.config:validate:71 - Configuration validated successfully
2025-07-12 22:42:36 | INFO     | __main__:start:41 - Starting Spot Exposure Hedging Bot...
2025-07-12 22:42:36 | INFO     | bot.telegram_bot:setup_handlers:83 - Bot handlers setup completed
2025-07-12 22:42:36 | INFO     | bot.telegram_bot:__init__:47 - Hedging Bot initialized successfully
2025-07-12 22:42:36 | INFO     | bot.telegram_bot:run:1730 - Starting Hedging Bot...
2025-07-12 22:42:36 | INFO     | bot.telegram_bot:run:1731 - Bot features: Risk monitoring, Auto-hedging, Analytics, Alerts, Summaries
2025-07-12 22:43:00 | INFO     | exchanges.deribit:connect:28 - Connected to Deribit
2025-07-12 22:43:26 | INFO     | bot.telegram_bot:send_risk_alert:1423 - Risk alert sent for BTC to user 5697536185: 0.0% > 5.0%
2025-07-12 22:43:43 | INFO     | hedging.strategies:set_strategy:366 - Set active strategy: delta_neutral
2025-07-12 22:43:43 | INFO     | hedging.strategies:calculate_hedge:124 - Calculated delta-neutral hedge: sell 100.0 BTC-PERP
2025-07-12 22:43:43 | ERROR    | hedging.strategies:validate_hedge:83 - Error validating hedge: 'NoneType' object has no attribute 'side'
2025-07-12 22:44:18 | ERROR    | bot.telegram_bot:button_callback:1207 - Error in button_callback: name 'telegram' is not defined
2025-07-12 22:44:39 | ERROR    | bot.telegram_bot:button_callback:1207 - Error in button_callback: name 'telegram' is not defined
2025-07-12 22:45:37 | ERROR    | bot.telegram_bot:button_callback:1207 - Error in button_callback: name 'telegram' is not defined
2025-07-12 22:48:20 | ERROR    | exchanges.deribit:get_market_data:117 - Error getting market data for BTC-PERPETUAL: Cannot connect to host www.deribit.com:443 ssl:default [Timeout while contacting DNS servers]
2025-07-12 22:48:20 | ERROR    | bot.telegram_bot:fetch_price:1626 - Deribit is not available. Cannot fetch real prices.
2025-07-12 22:48:20 | ERROR    | bot.telegram_bot:monitor_position:1346 - Error monitoring BTC for user 5697536185: httpx.ConnectError: [Errno 11001] getaddrinfo failed
2025-07-12 22:52:56 | ERROR    | exchanges.deribit:get_market_data:117 - Error getting market data for BTC-PERPETUAL: 
2025-07-12 22:52:56 | ERROR    | bot.telegram_bot:fetch_price:1626 - Deribit is not available. Cannot fetch real prices.
2025-07-12 22:54:21 | ERROR    | exchanges.deribit:get_market_data:117 - Error getting market data for BTC-PERPETUAL: 
2025-07-12 22:54:21 | ERROR    | bot.telegram_bot:fetch_price:1626 - Deribit is not available. Cannot fetch real prices.
2025-07-12 22:54:21 | ERROR    | bot.telegram_bot:monitor_position:1346 - Error monitoring BTC for user 5697536185: httpx.ConnectError: [Errno 11001] getaddrinfo failed
2025-07-12 22:58:16 | ERROR    | exchanges.deribit:get_market_data:117 - Error getting market data for BTC-PERPETUAL: 
2025-07-12 22:58:16 | ERROR    | bot.telegram_bot:fetch_price:1626 - Deribit is not available. Cannot fetch real prices.
2025-07-12 23:00:21 | ERROR    | exchanges.deribit:get_market_data:117 - Error getting market data for BTC-PERPETUAL: 
2025-07-12 23:00:21 | ERROR    | bot.telegram_bot:fetch_price:1626 - Deribit is not available. Cannot fetch real prices.
2025-07-12 23:00:21 | ERROR    | bot.telegram_bot:monitor_position:1346 - Error monitoring BTC for user 5697536185: httpx.ConnectError: [Errno 11001] getaddrinfo failed
2025-07-12 23:03:37 | ERROR    | exchanges.deribit:get_market_data:117 - Error getting market data for BTC-PERPETUAL: 
2025-07-12 23:03:37 | ERROR    | bot.telegram_bot:fetch_price:1626 - Deribit is not available. Cannot fetch real prices.
2025-07-12 23:06:22 | ERROR    | exchanges.deribit:get_market_data:117 - Error getting market data for BTC-PERPETUAL: 
2025-07-12 23:06:22 | ERROR    | bot.telegram_bot:fetch_price:1626 - Deribit is not available. Cannot fetch real prices.
2025-07-12 23:06:22 | ERROR    | bot.telegram_bot:monitor_position:1346 - Error monitoring BTC for user 5697536185: httpx.ConnectError: [Errno 11001] getaddrinfo failed
2025-07-12 23:08:58 | ERROR    | exchanges.deribit:get_market_data:117 - Error getting market data for BTC-PERPETUAL: 
2025-07-12 23:08:58 | ERROR    | bot.telegram_bot:fetch_price:1626 - Deribit is not available. Cannot fetch real prices.
2025-07-12 23:12:23 | ERROR    | exchanges.deribit:get_market_data:117 - Error getting market data for BTC-PERPETUAL: 
2025-07-12 23:12:23 | ERROR    | bot.telegram_bot:fetch_price:1626 - Deribit is not available. Cannot fetch real prices.
2025-07-12 23:12:23 | ERROR    | bot.telegram_bot:monitor_position:1346 - Error monitoring BTC for user 5697536185: httpx.ConnectError: [Errno 11001] getaddrinfo failed
2025-07-12 23:14:19 | ERROR    | exchanges.deribit:get_market_data:117 - Error getting market data for BTC-PERPETUAL: 
2025-07-12 23:14:19 | ERROR    | bot.telegram_bot:fetch_price:1626 - Deribit is not available. Cannot fetch real prices.
2025-07-12 23:18:24 | ERROR    | exchanges.deribit:get_market_data:117 - Error getting market data for BTC-PERPETUAL: 
2025-07-12 23:18:24 | ERROR    | bot.telegram_bot:fetch_price:1626 - Deribit is not available. Cannot fetch real prices.
2025-07-12 23:18:24 | ERROR    | bot.telegram_bot:monitor_position:1346 - Error monitoring BTC for user 5697536185: httpx.ConnectError: [Errno 11001] getaddrinfo failed
2025-07-12 23:19:40 | ERROR    | exchanges.deribit:get_market_data:117 - Error getting market data for BTC-PERPETUAL: 
2025-07-12 23:19:40 | ERROR    | bot.telegram_bot:fetch_price:1626 - Deribit is not available. Cannot fetch real prices.
2025-07-12 23:24:25 | ERROR    | exchanges.deribit:get_market_data:117 - Error getting market data for BTC-PERPETUAL: 
2025-07-12 23:24:25 | ERROR    | bot.telegram_bot:fetch_price:1626 - Deribit is not available. Cannot fetch real prices.
2025-07-12 23:24:25 | ERROR    | bot.telegram_bot:monitor_position:1346 - Error monitoring BTC for user 5697536185: httpx.ConnectError: [Errno 11001] getaddrinfo failed
2025-07-12 23:25:01 | ERROR    | exchanges.deribit:get_market_data:117 - Error getting market data for BTC-PERPETUAL: 
2025-07-12 23:25:01 | ERROR    | bot.telegram_bot:fetch_price:1626 - Deribit is not available. Cannot fetch real prices.
2025-07-12 23:30:22 | ERROR    | exchanges.deribit:get_market_data:117 - Error getting market data for BTC-PERPETUAL: 
2025-07-12 23:30:22 | ERROR    | bot.telegram_bot:fetch_price:1626 - Deribit is not available. Cannot fetch real prices.
2025-07-12 23:30:26 | ERROR    | exchanges.deribit:get_market_data:117 - Error getting market data for BTC-PERPETUAL: 
2025-07-12 23:30:26 | ERROR    | bot.telegram_bot:fetch_price:1626 - Deribit is not available. Cannot fetch real prices.
2025-07-12 23:30:26 | ERROR    | bot.telegram_bot:monitor_position:1346 - Error monitoring BTC for user 5697536185: httpx.ConnectError: [Errno 11001] getaddrinfo failed
2025-07-12 23:35:43 | ERROR    | exchanges.deribit:get_market_data:117 - Error getting market data for BTC-PERPETUAL: 
2025-07-12 23:35:43 | ERROR    | bot.telegram_bot:fetch_price:1626 - Deribit is not available. Cannot fetch real prices.
2025-07-12 23:36:27 | ERROR    | exchanges.deribit:get_market_data:117 - Error getting market data for BTC-PERPETUAL: 
2025-07-12 23:36:27 | ERROR    | bot.telegram_bot:fetch_price:1626 - Deribit is not available. Cannot fetch real prices.
2025-07-12 23:36:27 | ERROR    | bot.telegram_bot:monitor_position:1346 - Error monitoring BTC for user 5697536185: httpx.ConnectError: [Errno 11001] getaddrinfo failed
2025-07-12 23:41:04 | ERROR    | exchanges.deribit:get_market_data:117 - Error getting market data for BTC-PERPETUAL: 
2025-07-12 23:41:04 | ERROR    | bot.telegram_bot:fetch_price:1626 - Deribit is not available. Cannot fetch real prices.
2025-07-12 23:42:28 | ERROR    | exchanges.deribit:get_market_data:117 - Error getting market data for BTC-PERPETUAL: 
2025-07-12 23:42:28 | ERROR    | bot.telegram_bot:fetch_price:1626 - Deribit is not available. Cannot fetch real prices.
2025-07-12 23:42:28 | ERROR    | bot.telegram_bot:monitor_position:1346 - Error monitoring BTC for user 5697536185: httpx.ConnectError: [Errno 11001] getaddrinfo failed
2025-07-13 00:30:37 | ERROR    | exchanges.deribit:get_market_data:117 - Error getting market data for BTC-PERPETUAL: 
2025-07-13 00:30:37 | ERROR    | bot.telegram_bot:fetch_price:1626 - Deribit is not available. Cannot fetch real prices.
2025-07-13 00:30:37 | ERROR    | exchanges.deribit:get_market_data:117 - Error getting market data for BTC-PERPETUAL: 
2025-07-13 00:30:37 | ERROR    | bot.telegram_bot:fetch_price:1626 - Deribit is not available. Cannot fetch real prices.
2025-07-13 00:30:37 | ERROR    | bot.telegram_bot:monitor_position:1346 - Error monitoring BTC for user 5697536185: httpx.ConnectError: [Errno 11001] getaddrinfo failed
